<?xml version="1.0" encoding="UTF-8"?>
<testng-results skipped="0" failed="0" ignored="0" total="1" passed="1">
  <reporter-output>
  </reporter-output>
  <suite name="Default suite" duration-ms="5829" started-at="2021-10-13T09:42:01Z" finished-at="2021-10-13T09:42:07Z">
    <groups>
    </groups>
    <test name="Default test" duration-ms="5829" started-at="2021-10-13T09:42:01Z" finished-at="2021-10-13T09:42:07Z">
      <class name="appTest.SeleniumDev">
        <test-method status="PASS" signature="beforeTest()[pri:0, instance:appTest.SeleniumDev@3c9d0b9d]" name="beforeTest" is-config="true" duration-ms="1401" started-at="2021-10-13T09:42:01Z" finished-at="2021-10-13T09:42:02Z">
          <reporter-output>
          </reporter-output>
        </test-method> <!-- beforeTest -->
        <test-method status="PASS" signature="titleTest()[pri:0, instance:appTest.SeleniumDev@3c9d0b9d]" name="titleTest" duration-ms="1709" started-at="2021-10-13T09:42:02Z" finished-at="2021-10-13T09:42:04Z">
          <reporter-output>
          </reporter-output>
        </test-method> <!-- titleTest -->
        <test-method status="PASS" signature="afterTest()[pri:0, instance:appTest.SeleniumDev@3c9d0b9d]" name="afterTest" is-config="true" duration-ms="2704" started-at="2021-10-13T09:42:04Z" finished-at="2021-10-13T09:42:07Z">
          <reporter-output>
          </reporter-output>
        </test-method> <!-- afterTest -->
      </class> <!-- appTest.SeleniumDev -->
    </test> <!-- Default test -->
  </suite> <!-- Default suite -->
</testng-results>
